<?xml version="1.0" encoding="UTF-8"?>
<testng-results skipped="0" failed="0" ignored="0" total="4" passed="4">
  <reporter-output>
  </reporter-output>
  <suite name="Default suite" duration-ms="30" started-at="2020-09-10T12:42:46Z" finished-at="2020-09-10T12:42:46Z">
    <groups>
    </groups>
    <test name="Default test" duration-ms="30" started-at="2020-09-10T12:42:46Z" finished-at="2020-09-10T12:42:46Z">
      <class name="sampletestng.SeleniumTest">
        <test-method status="PASS" signature="LoginTest(java.lang.String, java.lang.String)[pri:0, instance:sampletestng.SeleniumTest@23ceabc1]" name="LoginTest" duration-ms="6" started-at="2020-09-10T12:42:46Z" data-provider="getData" finished-at="2020-09-10T12:42:46Z">
          <params>
            <param index="0">
              <value>
                <![CDATA[firstsetUserName]]>
              </value>
            </param>
            <param index="1">
              <value>
                <![CDATA[firstsetPassword]]>
              </value>
            </param>
          </params>
          <reporter-output>
          </reporter-output>
        </test-method> <!-- LoginTest -->
        <test-method status="PASS" signature="LoginTest(java.lang.String, java.lang.String)[pri:0, instance:sampletestng.SeleniumTest@23ceabc1]" name="LoginTest" duration-ms="1" started-at="2020-09-10T12:42:46Z" data-provider="getData" finished-at="2020-09-10T12:42:46Z">
          <params>
            <param index="0">
              <value>
                <![CDATA[secondsetUserName]]>
              </value>
            </param>
            <param index="1">
              <value>
                <![CDATA[secondsetPassword]]>
              </value>
            </param>
          </params>
          <reporter-output>
          </reporter-output>
        </test-method> <!-- LoginTest -->
        <test-method status="PASS" signature="LoginTest(java.lang.String, java.lang.String)[pri:0, instance:sampletestng.SeleniumTest@23ceabc1]" name="LoginTest" duration-ms="1" started-at="2020-09-10T12:42:46Z" data-provider="getData" finished-at="2020-09-10T12:42:46Z">
          <params>
            <param index="0">
              <value>
                <![CDATA[thirdsetUserName]]>
              </value>
            </param>
            <param index="1">
              <value>
                <![CDATA[thirdsetPassword]]>
              </value>
            </param>
          </params>
          <reporter-output>
          </reporter-output>
        </test-method> <!-- LoginTest -->
        <test-method status="PASS" signature="LogoutTest()[pri:0, instance:sampletestng.SeleniumTest@23ceabc1]" name="LogoutTest" duration-ms="1" started-at="2020-09-10T12:42:46Z" finished-at="2020-09-10T12:42:46Z">
          <reporter-output>
          </reporter-output>
        </test-method> <!-- LogoutTest -->
      </class> <!-- sampletestng.SeleniumTest -->
    </test> <!-- Default test -->
  </suite> <!-- Default suite -->
</testng-results>
