<?xml version="1.0" encoding="UTF-8"?>
<!-- Generated by org.testng.reporters.JUnitXMLReporter -->
<testsuite hostname="C02YTCS1LVCG" ignored="0" name="Test" tests="5" failures="0" timestamp="04 Jun 2020 01:18:13 GMT" time="0.031" errors="0">
  <testcase name="RESTLoginTest" time="0.007" classname="restapitests.RestAPITest"/>
  <testcase name="RESTLogoutTest" time="0.002" classname="restapitests.RestAPITest"/>
  <testcase name="AdminOperationTest" time="0.001" classname="sampletestng.SeleniumTest"/>
  <testcase name="MobileAppUse" time="0.001" classname="sampletestng.MobileTest"/>
  <testcase name="HelloTest" time="0.001" classname="sampletestng.HelloTestNG"/>
</testsuite> <!-- Test -->
