<?xml version="1.0" encoding="UTF-8"?>
<!-- Generated by org.testng.reporters.JUnitXMLReporter -->
<testsuite hostname="C02YTCS1LVCG" ignored="0" name="TestAutomationFrameWork-Part1" tests="1" failures="1" timestamp="06 Jun 2020 07:25:12 GMT" time="0.022" errors="0">
  <testcase name="LoginTest" time="0.009" classname="sampletestng.SeleniumTest">
    <failure type="org.testng.internal.reflect.MethodMatcherException" message="
Data provider mismatch
Method: LoginTest([Parameter{index=0, type=java.lang.String, declaredAnnotations=[]}, Parameter{index=1, type=java.lang.String, declaredAnnotations=[]}])
Arguments: [(java.lang.String) firstsetUserName,(java.lang.String) firstsetPassword,null]">
      <![CDATA[org.testng.internal.reflect.MethodMatcherException: 
Data provider mismatch
Method: LoginTest([Parameter{index=0, type=java.lang.String, declaredAnnotations=[]}, Parameter{index=1, type=java.lang.String, declaredAnnotations=[]}])
Arguments: [(java.lang.String) firstsetUserName,(java.lang.String) firstsetPassword,null]
... Removed 20 stack frames]]>
    </failure>
  </testcase> <!-- LoginTest -->
</testsuite> <!-- TestAutomationFrameWork-Part1 -->
