<?xml version="1.0" encoding="UTF-8"?>
<!-- Generated by org.testng.reporters.JUnitXMLReporter -->
<testsuite hostname="C02YTCS1LVCG" ignored="0" name="TestAutomationFrameWork" tests="5" failures="0" timestamp="05 Jun 2020 00:57:09 GMT" time="0.031" errors="0">
  <testcase name="HelloTest" time="0.004" classname="sampletestng.HelloTestNG"/>
  <testcase name="RESTLoginTest" time="0.001" classname="restapitests.RestAPITest"/>
  <testcase name="RESTLogoutTest" time="0.001" classname="restapitests.RestAPITest"/>
  <testcase name="MobileAppUse" time="0.0" classname="sampletestng.MobileTest"/>
  <testcase name="AdminOperationTest" time="0.0" classname="sampletestng.SeleniumTest"/>
</testsuite> <!-- TestAutomationFrameWork -->
