<?xml version="1.0" encoding="UTF-8"?>
<!-- Generated by org.testng.reporters.JUnitXMLReporter -->
<testsuite hostname="C02YTCS1LVCG" ignored="0" name="TestAutomationFrameWork-Part1" tests="2" failures="1" timestamp="10 Sep 2020 12:31:46 GMT" time="0.025" errors="0">
  <testcase name="LoginTest" time="0.007" classname="sampletestng.SeleniumTest">
    <failure type="org.testng.internal.reflect.MethodMatcherException" message="
Data provider mismatch
Method: LoginTest([Parameter{index=0, type=java.lang.String, declaredAnnotations=[]}, Parameter{index=1, type=java.lang.String, declaredAnnotations=[]}])
Arguments: [(java.lang.String) firstsetUserName,(java.lang.String) firstsetPassword,null]">
      <![CDATA[org.testng.internal.reflect.MethodMatcherException: 
Data provider mismatch
Method: LoginTest([Parameter{index=0, type=java.lang.String, declaredAnnotations=[]}, Parameter{index=1, type=java.lang.String, declaredAnnotations=[]}])
Arguments: [(java.lang.String) firstsetUserName,(java.lang.String) firstsetPassword,null]
... Removed 20 stack frames]]>
    </failure>
  </testcase> <!-- LoginTest -->
  <testcase name="LogoutTest" time="0.004" classname="sampletestng.SeleniumTest"/>
</testsuite> <!-- TestAutomationFrameWork-Part1 -->
