<?xml version="1.0" encoding="UTF-8"?>
<testng-results skipped="0" failed="0" ignored="0" total="5" passed="5">
  <reporter-output>
  </reporter-output>
  <suite name="Suite" duration-ms="39" started-at="2020-09-28T14:56:25 IST" finished-at="2020-09-28T14:56:25 IST">
    <groups>
    </groups>
    <test name="Test" duration-ms="39" started-at="2020-09-28T14:56:25 IST" finished-at="2020-09-28T14:56:25 IST">
      <class name="rk.testautomation.RESTApiTest">
        <test-method status="PASS" signature="postJira()[pri:0, instance:rk.testautomation.RESTApiTest@2d6eabae]" name="postJira" duration-ms="5" started-at="2020-09-28T14:56:25 IST" finished-at="2020-09-28T14:56:25 IST">
          <reporter-output>
          </reporter-output>
        </test-method> <!-- postJira -->
      </class> <!-- rk.testautomation.RESTApiTest -->
      <class name="rk.testautomation.AppiumTest">
        <test-method status="PASS" signature="NativeAppAndroid()[pri:0, instance:rk.testautomation.AppiumTest@64729b1e]" name="NativeAppAndroid" duration-ms="1" started-at="2020-09-28T14:56:25 IST" finished-at="2020-09-28T14:56:25 IST">
          <reporter-output>
          </reporter-output>
        </test-method> <!-- NativeAppAndroid -->
        <test-method status="PASS" signature="iOSApp()[pri:0, instance:rk.testautomation.AppiumTest@64729b1e]" name="iOSApp" duration-ms="1" started-at="2020-09-28T14:56:25 IST" finished-at="2020-09-28T14:56:25 IST">
          <reporter-output>
          </reporter-output>
        </test-method> <!-- iOSApp -->
      </class> <!-- rk.testautomation.AppiumTest -->
      <class name="rk.testautomation.SeleniumTest">
        <test-method status="PASS" signature="HomePage()[pri:0, instance:rk.testautomation.SeleniumTest@4e7dc304]" name="HomePage" duration-ms="2" started-at="2020-09-28T14:56:25 IST" finished-at="2020-09-28T14:56:25 IST">
          <reporter-output>
          </reporter-output>
        </test-method> <!-- HomePage -->
        <test-method status="PASS" signature="LoginAsUser()[pri:0, instance:rk.testautomation.SeleniumTest@4e7dc304]" name="LoginAsUser" duration-ms="1" started-at="2020-09-28T14:56:25 IST" finished-at="2020-09-28T14:56:25 IST">
          <reporter-output>
          </reporter-output>
        </test-method> <!-- LoginAsUser -->
      </class> <!-- rk.testautomation.SeleniumTest -->
    </test> <!-- Test -->
  </suite> <!-- Suite -->
</testng-results>
