<?xml version="1.0" encoding="UTF-8"?>
<testng-results skipped="0" failed="0" ignored="0" total="1" passed="1">
  <reporter-output>
  </reporter-output>
  <suite name="Suite" duration-ms="1370" started-at="2020-09-28T09:28:15Z" finished-at="2020-09-28T09:28:16Z">
    <groups>
    </groups>
    <test name="Test" duration-ms="1370" started-at="2020-09-28T09:28:15Z" finished-at="2020-09-28T09:28:16Z">
      <class name="RestAPI.RestAPITest.RestAPITest">
        <test-method status="PASS" signature="AddPlace()[pri:0, instance:RestAPI.RestAPITest.RestAPITest@61832929]" name="AddPlace" duration-ms="1356" started-at="2020-09-28T09:28:15Z" finished-at="2020-09-28T09:28:16Z">
          <reporter-output>
          </reporter-output>
        </test-method> <!-- AddPlace -->
      </class> <!-- RestAPI.RestAPITest.RestAPITest -->
    </test> <!-- Test -->
  </suite> <!-- Suite -->
</testng-results>
