<?xml version="1.0" encoding="UTF-8"?>
<!-- Generated by org.testng.reporters.JUnitXMLReporter -->
<testsuite hostname="C02YTCS1LVCG" ignored="2" name="NonMobileFromSelenium" tests="3" failures="0" timestamp="25 Aug 2019 17:29:18 GMT" time="0.003" errors="0">
  <testcase name="AdminOperationTest" time="0.0" classname="sampletestng.SeleniumTest"/>
  <testcase name="LoginTest" time="0.0" classname="sampletestng.SeleniumTest"/>
  <testcase name="LogoutTest" time="0.0" classname="sampletestng.SeleniumTest"/>
  <testcase name="MobileAppUninstall" time="0.0" classname="sampletestng.SeleniumTest">
    <ignored/>
  </testcase> <!-- MobileAppUninstall -->
  <testcase name="MobileTestAppInstall" time="0.0" classname="sampletestng.SeleniumTest">
    <ignored/>
  </testcase> <!-- MobileTestAppInstall -->
</testsuite> <!-- NonMobileFromSelenium -->
