<?xml version="1.0" encoding="UTF-8"?>
<!-- Generated by org.testng.reporters.JUnitXMLReporter -->
<testsuite hostname="C02YTCS1LVCG" ignored="0" name="Regression" tests="5" failures="0" timestamp="10 Sep 2020 12:46:42 GMT" time="0.025" errors="0">
  <testcase name="LoginTest" time="0.004" classname="sampletestng.SeleniumTest"/>
  <testcase name="LoginTest" time="0.001" classname="sampletestng.SeleniumTest"/>
  <testcase name="LoginTest" time="0.001" classname="sampletestng.SeleniumTest"/>
  <testcase name="LogoutTest" time="0.001" classname="sampletestng.SeleniumTest"/>
  <testcase name="HelloTest" time="0.0" classname="sampletestng.HelloTestNG"/>
</testsuite> <!-- Regression -->
