<?xml version="1.0" encoding="UTF-8"?>
<!-- Generated by org.testng.reporters.JUnitXMLReporter -->
<testsuite hostname="C02YTCS1LVCG" ignored="0" name="RESTAPITests" tests="3" failures="0" timestamp="25 Aug 2019 17:45:09 GMT" time="0.006" errors="0">
  <testcase name="RESTAdminOperationTest" time="0.001" classname="restapitests.RestAPITest"/>
  <testcase name="RESTLoginTest" time="0.001" classname="restapitests.RestAPITest"/>
  <testcase name="RESTLogoutTest" time="0.0" classname="restapitests.RestAPITest"/>
</testsuite> <!-- RESTAPITests -->
