<?xml version="1.0" encoding="UTF-8"?>
<!-- Generated by org.testng.reporters.JUnitXMLReporter -->
<testsuite hostname="C02YTCS1LVCG" ignored="0" name="RESTAPI_N_Mobile_Tests" tests="4" failures="0" timestamp="25 Aug 2019 18:02:29 GMT" time="0.027" errors="0">
  <testcase name="RESTAdminOperationTest" time="0.004" classname="restapitests.RestAPITest"/>
  <testcase name="RESTLoginTest" time="0.001" classname="restapitests.RestAPITest"/>
  <testcase name="RESTLogoutTest" time="0.001" classname="restapitests.RestAPITest"/>
  <testcase name="MobileAppUse" time="0.001" classname="sampletestng.MobileTest"/>
</testsuite> <!-- RESTAPI_N_Mobile_Tests -->
