<?xml version="1.0" encoding="UTF-8"?>
<!-- Generated by org.testng.reporters.JUnitXMLReporter -->
<testsuite hostname="C02YTCS1LVCG" ignored="0" name="RESTAPI_N_Mobile_Tests" tests="3" failures="0" timestamp="10 Sep 2020 12:31:26 GMT" time="0.025" errors="0">
  <testcase name="RESTLoginTest" time="0.006" classname="restapitests.RestAPITest"/>
  <testcase name="RESTLogoutTest" time="0.002" classname="restapitests.RestAPITest"/>
  <testcase name="MobileAppUse" time="0.001" classname="sampletestng.MobileTest"/>
</testsuite> <!-- RESTAPI_N_Mobile_Tests -->
