<?xml version="1.0" encoding="UTF-8"?>
<!-- Generated by org.testng.reporters.JUnitXMLReporter -->
<testsuite hostname="C02YTCS1LVCG" ignored="5" tests="0" failures="0" timestamp="10 Sep 2020 12:31:26 GMT" time="0.0" errors="0">
  <testcase name="LogoutTest" time="0.0" classname="sampletestng.SeleniumTest">
    <ignored/>
  </testcase> <!-- LogoutTest -->
  <testcase name="HelloTest" time="0.0" classname="sampletestng.HelloTestNG">
    <ignored/>
  </testcase> <!-- HelloTest -->
  <testcase name="LoginTest" time="0.0" classname="sampletestng.SeleniumTest">
    <ignored/>
  </testcase> <!-- LoginTest -->
  <testcase name="RESTLoginTest" time="0.0" classname="restapitests.RestAPITest">
    <ignored/>
  </testcase> <!-- RESTLoginTest -->
  <testcase name="RESTLogoutTest" time="0.0" classname="restapitests.RestAPITest">
    <ignored/>
  </testcase> <!-- RESTLogoutTest -->
</testsuite>
