<?xml version="1.0" encoding="UTF-8"?>
<!-- Generated by org.testng.reporters.JUnitXMLReporter -->
<testsuite hostname="C02YTCS1LVCG" ignored="4" name="SanityTestCases" tests="3" failures="0" timestamp="25 Aug 2019 18:02:29 GMT" time="0.005" errors="0">
  <testcase name="RESTAdminOperationTest" time="0.001" classname="restapitests.RestAPITest"/>
  <testcase name="AdditonalTest" time="0.001" classname="sampletestng.HelloTestNG"/>
  <testcase name="AdminOperationTest" time="0.001" classname="sampletestng.SeleniumTest"/>
  <testcase name="HelloTest" time="0.0" classname="sampletestng.HelloTestNG">
    <ignored/>
  </testcase> <!-- HelloTest -->
  <testcase name="RESTLoginTest" time="0.0" classname="restapitests.RestAPITest">
    <ignored/>
  </testcase> <!-- RESTLoginTest -->
  <testcase name="AnotherHelloTest" time="0.0" classname="sampletestng.HelloTestNG">
    <ignored/>
  </testcase> <!-- AnotherHelloTest -->
  <testcase name="RESTLogoutTest" time="0.0" classname="restapitests.RestAPITest">
    <ignored/>
  </testcase> <!-- RESTLogoutTest -->
</testsuite> <!-- SanityTestCases -->
