<?xml version="1.0" encoding="UTF-8"?>
<!-- Generated by org.testng.reporters.JUnitXMLReporter -->
<testsuite hostname="C02YTCS1LVCG" ignored="0" name="Smoke" tests="5" failures="0" timestamp="25 Aug 2019 17:33:34 GMT" time="0.031" errors="0">
  <testcase name="AdminOperationTest" time="0.006" classname="sampletestng.SeleniumTest"/>
  <testcase name="LoginTest" time="0.001" classname="sampletestng.SeleniumTest"/>
  <testcase name="LogoutTest" time="0.001" classname="sampletestng.SeleniumTest"/>
  <testcase name="MobileAppUninstall" time="0.001" classname="sampletestng.SeleniumTest"/>
  <testcase name="MobileTestAppInstall" time="0.001" classname="sampletestng.SeleniumTest"/>
</testsuite> <!-- Smoke -->
