<?xml version="1.0" encoding="UTF-8"?>
<testng-results skipped="0" failed="0" ignored="0" total="1" passed="1">
  <reporter-output>
  </reporter-output>
  <suite name="Default suite" duration-ms="72" started-at="2020-09-19T05:12:12Z" finished-at="2020-09-19T05:12:12Z">
    <groups>
    </groups>
    <test name="Default test" duration-ms="72" started-at="2020-09-19T05:12:12Z" finished-at="2020-09-19T05:12:12Z">
      <class name="remoteTesting.dockerValidation.StartDockerTest">
        <test-method status="PASS" signature="StartFileTest()[pri:0, instance:remoteTesting.dockerValidation.StartDockerTest@4cc0edeb]" name="StartFileTest" duration-ms="56" started-at="2020-09-19T05:12:12Z" finished-at="2020-09-19T05:12:12Z">
          <reporter-output>
          </reporter-output>
        </test-method> <!-- StartFileTest -->
      </class> <!-- remoteTesting.dockerValidation.StartDockerTest -->
    </test> <!-- Default test -->
  </suite> <!-- Default suite -->
</testng-results>
