<?xml version="1.0" encoding="UTF-8"?>
<!-- Generated by org.testng.reporters.JUnitXMLReporter -->
<testsuite hostname="C02YTCS1LVCG" ignored="0" name="Regression" tests="3" failures="0" timestamp="25 Aug 2019 11:44:23 GMT" time="0.024" errors="0">
  <testcase name="LoginTest" time="0.004" classname="sampletestng.SeleniumTest"/>
  <testcase name="AnotherHelloTest" time="0.001" classname="sampletestng.HelloTestNG"/>
  <testcase name="HelloTest" time="0.001" classname="sampletestng.HelloTestNG"/>
</testsuite> <!-- Regression -->
