<?xml version="1.0" encoding="UTF-8"?>
<!-- Generated by org.testng.reporters.JUnitXMLReporter -->
<testsuite hostname="C02YTCS1LVCG" ignored="0" name="Test1" tests="3" failures="0" timestamp="25 Aug 2019 11:41:31 GMT" time="0.007" errors="0">
  <testcase name="LoginTest" time="0.001" classname="sampletestng.SeleniumTest"/>
  <testcase name="AnotherHelloTest" time="0.0" classname="sampletestng.HelloTestNG"/>
  <testcase name="HelloTest" time="0.001" classname="sampletestng.HelloTestNG"/>
</testsuite> <!-- Test1 -->
