<?xml version="1.0" encoding="UTF-8"?>
<!-- Generated by org.testng.reporters.JUnitXMLReporter -->
<testsuite hostname="C02YTCS1LVCG" ignored="0" name="Test" tests="5" failures="0" timestamp="2020-09-28T14:56:25 IST" time="0.039" errors="0">
  <testcase name="postJira" time="0.005" classname="rk.testautomation.RESTApiTest"/>
  <testcase name="HomePage" time="0.002" classname="rk.testautomation.SeleniumTest"/>
  <testcase name="LoginAsUser" time="0.001" classname="rk.testautomation.SeleniumTest"/>
  <testcase name="NativeAppAndroid" time="0.001" classname="rk.testautomation.AppiumTest"/>
  <testcase name="iOSApp" time="0.001" classname="rk.testautomation.AppiumTest"/>
</testsuite> <!-- Test -->
